<?xml version="1.0" encoding="UTF-8"?>
<!-- Generated by org.testng.reporters.JUnitReportReporter -->
<testsuite skipped="0" hostname="AS" name="entregaFinal.AddToCartTest" tests="1" failures="0" timestamp="22 ene 2019 17:26:36 GMT" time="7.688" errors="0">
  <testcase name="addProductToCartTest" time="7.688" classname="entregaFinal.AddToCartTest"/>
</testsuite> <!-- entregaFinal.AddToCartTest -->
