<?xml version="1.0" encoding="UTF-8"?>
<!-- Generated by org.testng.reporters.JUnitReportReporter -->
<testsuite skipped="0" hostname="AS" name="entregaFinal.LoginTest" tests="2" failures="0" timestamp="27 feb 2019 20:26:16 GMT" time="20.940" errors="0">
  <testcase name="testLoginOk" time="11.840" classname="entregaFinal.LoginTest"/>
  <testcase name="testLoginNotOk" time="9.100" classname="entregaFinal.LoginTest"/>
</testsuite> <!-- entregaFinal.LoginTest -->
