<?xml version="1.0" encoding="UTF-8"?>
<!-- Generated by org.testng.reporters.JUnitReportReporter -->
<testsuite skipped="0" hostname="AS" name="entregaFinal.SearchTest" tests="5" failures="0" timestamp="25 ene 2019 12:58:16 GMT" time="50.799" errors="0">
  <testcase name="test" time="13.259" classname="entregaFinal.SearchTest"/>
  <testcase name="test" time="9.654" classname="entregaFinal.SearchTest"/>
  <testcase name="test" time="9.838" classname="entregaFinal.SearchTest"/>
  <testcase name="test" time="9.254" classname="entregaFinal.SearchTest"/>
  <testcase name="test" time="8.794" classname="entregaFinal.SearchTest"/>
</testsuite> <!-- entregaFinal.SearchTest -->
