<?xml version="1.0" encoding="UTF-8"?>
<!-- Generated by org.testng.reporters.JUnitReportReporter -->
<testsuite skipped="0" hostname="AS" name="entregaFinal.LoginTest" tests="2" failures="0" timestamp="12 abr 2019 01:02:28 GMT" time="21.006" errors="0">
  <testcase name="testLoginOk" time="9.863" classname="entregaFinal.LoginTest"/>
  <testcase name="testLoginNotOk" time="11.143" classname="entregaFinal.LoginTest"/>
</testsuite> <!-- entregaFinal.LoginTest -->
