<?xml version="1.0" encoding="UTF-8"?>
<!-- Generated by org.testng.reporters.JUnitReportReporter -->
<testsuite skipped="0" hostname="AS" name="entregaFinal.LogOutTest" tests="1" failures="0" timestamp="22 ene 2019 17:26:36 GMT" time="12.358" errors="0">
  <testcase name="testLogOutOk" time="12.358" classname="entregaFinal.LogOutTest"/>
</testsuite> <!-- entregaFinal.LogOutTest -->
