<?xml version="1.0" encoding="UTF-8"?>
<!-- Generated by org.testng.reporters.JUnitReportReporter -->
<testsuite skipped="0" hostname="AS" name="entregaFinal.EmptyCartTest" tests="1" failures="0" timestamp="11 abr 2019 22:31:35 GMT" time="11.309" errors="0">
  <testcase name="vaciarElCarroTest" time="11.309" classname="entregaFinal.EmptyCartTest"/>
</testsuite> <!-- entregaFinal.EmptyCartTest -->
