<?xml version="1.0" encoding="UTF-8"?>
<!-- Generated by org.testng.reporters.JUnitReportReporter -->
<testsuite skipped="0" hostname="AS" name="entregaFinal.SearchTest" tests="5" failures="0" timestamp="11 abr 2019 22:31:35 GMT" time="46.573" errors="0">
  <testcase name="test" time="8.593" classname="entregaFinal.SearchTest"/>
  <testcase name="test" time="8.336" classname="entregaFinal.SearchTest"/>
  <testcase name="test" time="8.567" classname="entregaFinal.SearchTest"/>
  <testcase name="test" time="8.816" classname="entregaFinal.SearchTest"/>
  <testcase name="test" time="12.261" classname="entregaFinal.SearchTest"/>
</testsuite> <!-- entregaFinal.SearchTest -->
