<?xml version="1.0" encoding="UTF-8"?>
<!-- Generated by org.testng.reporters.JUnitReportReporter -->
<testsuite skipped="0" hostname="AS" name="entregaFinal.AddToCartTest" tests="1" failures="0" timestamp="11 abr 2019 22:31:35 GMT" time="7.517" errors="0">
  <testcase name="addProductToCartTest" time="7.517" classname="entregaFinal.AddToCartTest"/>
</testsuite> <!-- entregaFinal.AddToCartTest -->
