<?xml version="1.0" encoding="UTF-8"?>
<!-- Generated by org.testng.reporters.JUnitReportReporter -->
<testsuite skipped="0" hostname="AS" name="entregaFinal.EmptyCartTest" tests="1" failures="0" timestamp="22 ene 2019 17:26:36 GMT" time="11.217" errors="0">
  <testcase name="vaciarElCarroTest" time="11.217" classname="entregaFinal.EmptyCartTest"/>
</testsuite> <!-- entregaFinal.EmptyCartTest -->
