<?xml version="1.0" encoding="UTF-8"?>
<!-- Generated by org.testng.reporters.JUnitReportReporter -->
<testsuite skipped="0" hostname="AS" name="entregaFinal.RegisterTest" tests="5" failures="0" timestamp="22 ene 2019 17:26:36 GMT" time="63.899" errors="0">
  <testcase name="testRegisterOk" time="12.730" classname="entregaFinal.RegisterTest"/>
  <testcase name="testRegisterOk" time="13.077" classname="entregaFinal.RegisterTest"/>
  <testcase name="testRegisterOk" time="12.590" classname="entregaFinal.RegisterTest"/>
  <testcase name="testRegisterOk" time="12.535" classname="entregaFinal.RegisterTest"/>
  <testcase name="testRegisterOk" time="12.967" classname="entregaFinal.RegisterTest"/>
</testsuite> <!-- entregaFinal.RegisterTest -->
